2024-07-31 10:02:34,002 [INFO] Activator:176 - 


2024-07-31 10:02:34,006 [INFO] Activator:177 - !SESSION log4j initialized
2024-07-31 10:02:38,207 [INFO] LogOutputStream:77 - [STDOUT_REDIRECT] 
2024-07-31 10:02:39,204 [INFO] ApplicationProperties:184 - Using Application install path: D:\Programs\STM32CubeIDE_1.15.1\STM32CubeIDE\plugins\com.st.stm32cube.common.mx_6.11.1.202404110753
2024-07-31 10:02:39,220 [INFO] DbMcusXml:78 - Set database path to: D:\Programs\STM32CubeIDE_1.15.1\STM32CubeIDE\plugins\com.st.stm32cube.common.mx_6.11.1.202404110753\\db\/mcu/
2024-07-31 10:02:39,220 [INFO] ApiDb:274 - Set plugin database path to: D:\Programs\STM32CubeIDE_1.15.1\STM32CubeIDE\plugins\com.st.stm32cube.common.mx_6.11.1.202404110753\\db\/plugins/boardmanager/
2024-07-31 10:02:39,220 [WARN] ApiDb:259 - Overriding images path with different value:  => D:\Programs\STM32CubeIDE_1.15.1\STM32CubeIDE\plugins\com.st.stm32cube.common.mx_6.11.1.202404110753\\db\/plugins/mcufinder/images/
2024-07-31 10:02:39,225 [INFO] ApiDb:250 - Set database path to: C:\Users\oemerkara\.stmcufinder\plugins\mcufinder//mcu/
2024-07-31 10:02:39,225 [INFO] DbMcusAds:125 - Set database path to: C:\Users\oemerkara\.stmcufinder\plugins\mcufinder//mcu/
2024-07-31 10:02:39,226 [INFO] CrossReferenceDbSqlite:203 - Set database path to: C:\Users\oemerkara\.stmcufinder\plugins\mcufinder//mcu/cs/
2024-07-31 10:02:39,303 [INFO] RulesReader:64 - Compatibility file has been processed (297 Rules)
2024-07-31 10:02:39,361 [INFO] DbMcusXml:78 - Set database path to: D:\Programs\STM32CubeIDE_1.15.1\STM32CubeIDE\plugins\com.st.stm32cube.common.mx_6.11.1.202404110753\\db\/mcu/
2024-07-31 10:02:39,361 [INFO] ApiDb:274 - Set plugin database path to: D:\Programs\STM32CubeIDE_1.15.1\STM32CubeIDE\plugins\com.st.stm32cube.common.mx_6.11.1.202404110753\\db\/plugins/boardmanager/
2024-07-31 10:02:39,361 [INFO] ApiDb:261 - Set plugin images path to: D:\Programs\STM32CubeIDE_1.15.1\STM32CubeIDE\plugins\com.st.stm32cube.common.mx_6.11.1.202404110753\\db\/plugins/mcufinder/images/
2024-07-31 10:02:39,361 [WARN] DbFile:41 - Overriding database path with different value: C:\Users\oemerkara\.stmcufinder\plugins\mcufinder/ => C:\Users\oemerkara\.stmcufinder\plugins\mcufinder
2024-07-31 10:02:39,361 [INFO] ApiDb:250 - Set database path to: C:\Users\oemerkara\.stmcufinder\plugins\mcufinder//mcu/
2024-07-31 10:02:39,361 [WARN] DbFile:41 - Overriding database path with different value: C:\Users\oemerkara\.stmcufinder\plugins\mcufinder/ => C:\Users\oemerkara\.stmcufinder\plugins\mcufinder
2024-07-31 10:02:39,361 [INFO] DbMcusAds:125 - Set database path to: C:\Users\oemerkara\.stmcufinder\plugins\mcufinder//mcu/
2024-07-31 10:02:39,361 [WARN] DbFile:41 - Overriding database path with different value: C:\Users\oemerkara\.stmcufinder\plugins\mcufinder/ => C:\Users\oemerkara\.stmcufinder\plugins\mcufinder
2024-07-31 10:02:39,361 [WARN] DbFile:41 - Overriding database path with different value: C:\Users\oemerkara\.stmcufinder\plugins\mcufinder/ => C:\Users\oemerkara\.stmcufinder\plugins\mcufinder
2024-07-31 10:02:39,361 [INFO] CrossReferenceDbSqlite:203 - Set database path to: C:\Users\oemerkara\.stmcufinder\plugins\mcufinder//mcu/cs/
2024-07-31 10:02:39,417 [INFO] MainPanel:264 - HeapMemory: 268435456
2024-07-31 10:02:39,484 [INFO] DbMcusXml:78 - Set database path to: D:\Programs\STM32CubeIDE_1.15.1\STM32CubeIDE\plugins\com.st.stm32cube.common.mx_6.11.1.202404110753\\db\/mcu/
2024-07-31 10:02:39,484 [INFO] ApiDb:274 - Set plugin database path to: D:\Programs\STM32CubeIDE_1.15.1\STM32CubeIDE\plugins\com.st.stm32cube.common.mx_6.11.1.202404110753\\db\/plugins/boardmanager/
2024-07-31 10:02:39,484 [INFO] ApiDb:261 - Set plugin images path to: D:\Programs\STM32CubeIDE_1.15.1\STM32CubeIDE\plugins\com.st.stm32cube.common.mx_6.11.1.202404110753\\db\/plugins/mcufinder/images/
2024-07-31 10:02:39,484 [WARN] DbFile:41 - Overriding database path with different value: C:\Users\oemerkara\.stmcufinder\plugins\mcufinder/ => C:\Users\oemerkara\.stmcufinder\plugins\mcufinder
2024-07-31 10:02:39,484 [INFO] ApiDb:250 - Set database path to: C:\Users\oemerkara\.stmcufinder\plugins\mcufinder//mcu/
2024-07-31 10:02:39,484 [WARN] DbFile:41 - Overriding database path with different value: C:\Users\oemerkara\.stmcufinder\plugins\mcufinder/ => C:\Users\oemerkara\.stmcufinder\plugins\mcufinder
2024-07-31 10:02:39,484 [INFO] DbMcusAds:125 - Set database path to: C:\Users\oemerkara\.stmcufinder\plugins\mcufinder//mcu/
2024-07-31 10:02:39,484 [WARN] DbFile:41 - Overriding database path with different value: C:\Users\oemerkara\.stmcufinder\plugins\mcufinder/ => C:\Users\oemerkara\.stmcufinder\plugins\mcufinder
2024-07-31 10:02:39,484 [WARN] DbFile:41 - Overriding database path with different value: C:\Users\oemerkara\.stmcufinder\plugins\mcufinder/ => C:\Users\oemerkara\.stmcufinder\plugins\mcufinder
2024-07-31 10:02:39,484 [INFO] CrossReferenceDbSqlite:203 - Set database path to: C:\Users\oemerkara\.stmcufinder\plugins\mcufinder//mcu/cs/
2024-07-31 10:02:39,496 [INFO] ApplicationProperties:184 - Using Application install path: D:\Programs\STM32CubeIDE_1.15.1\STM32CubeIDE\plugins\com.st.stm32cube.common.mx_6.11.1.202404110753
2024-07-31 10:02:39,498 [INFO] PluginManage:196 - Search for loadable plugins [exclusion list=, ]
2024-07-31 10:02:39,499 [INFO] PluginManage:310 - Check plugin analytics
2024-07-31 10:02:39,606 [INFO] AnalyticsPlugin:253 - Accepted Software Licenses: 
2024-07-31 10:02:39,606 [INFO] AnalyticsPlugin:255 - Accepted CMSIS Pack Licenses: 
2024-07-31 10:02:39,606 [INFO] AnalyticsPlugin:257 - Accepted Firmware Licenses: FW.F4.1.28.0
2024-07-31 10:02:39,608 [INFO] PluginManage:359 - Loaded plugin analytics (category:tool,tabindex:-1)
2024-07-31 10:02:39,608 [INFO] PluginManage:310 - Check plugin cadmodel
2024-07-31 10:02:39,619 [INFO] CADModel:105 - Init CAD model plugin
2024-07-31 10:02:39,619 [INFO] PluginManage:359 - Loaded plugin cadmodel (category:power,tabindex:5)
2024-07-31 10:02:39,619 [INFO] PluginManage:310 - Check plugin clock
2024-07-31 10:02:39,637 [INFO] PluginManage:359 - Loaded plugin clock (category:base,tabindex:2)
2024-07-31 10:02:39,637 [INFO] PluginManage:310 - Check plugin ddr
2024-07-31 10:02:39,640 [INFO] PluginManage:359 - Loaded plugin ddr (category:tool,tabindex:6)
2024-07-31 10:02:39,640 [INFO] PluginManage:310 - Check plugin filemanager
2024-07-31 10:02:39,753 [INFO] PluginManage:359 - Loaded plugin filemanager (category:base,tabindex:10)
2024-07-31 10:02:39,754 [INFO] PluginManage:310 - Check plugin ipmanager
2024-07-31 10:02:39,759 [INFO] PluginManage:359 - Loaded plugin ipmanager (category:base,tabindex:5)
2024-07-31 10:02:39,760 [INFO] PluginManage:310 - Check plugin lpbam
2024-07-31 10:02:39,775 [INFO] PluginManage:359 - Loaded plugin lpbam (category:base,tabindex:0)
2024-07-31 10:02:39,775 [INFO] PluginManage:310 - Check plugin memorymap
2024-07-31 10:02:39,795 [INFO] PluginManage:359 - Loaded plugin memorymap (category:base,tabindex:4)
2024-07-31 10:02:39,796 [INFO] PluginManage:310 - Check plugin pinoutandconfiguration
2024-07-31 10:02:39,808 [INFO] PluginManage:359 - Loaded plugin pinoutandconfiguration (category:base,tabindex:1)
2024-07-31 10:02:39,808 [INFO] PluginManage:310 - Check plugin pinoutconfig
2024-07-31 10:02:39,879 [WARN] SupportedApi:132 - Cannot load RTOS API schema: s4s-elt-must-match.1: The content of 'definitions' must match (annotation?, (simpleType | complexType)?, (unique | key | keyref)*)). A problem was found starting at: attribute.
2024-07-31 10:02:39,975 [INFO] PluginManage:359 - Loaded plugin pinoutconfig (category:base,tabindex:0)
2024-07-31 10:02:39,975 [INFO] PluginManage:310 - Check plugin power
2024-07-31 10:02:39,993 [INFO] PluginManage:359 - Loaded plugin power (category:power,tabindex:4)
2024-07-31 10:02:39,993 [INFO] PluginManage:310 - Check plugin projectmanager
2024-07-31 10:02:40,004 [INFO] PluginManage:359 - Loaded plugin projectmanager (category:projectmanager,tabindex:3)
2024-07-31 10:02:40,004 [INFO] PluginManage:310 - Check plugin thirdparty
2024-07-31 10:02:40,186 [INFO] PluginManage:359 - Loaded plugin thirdparty (category:base,tabindex:-1)
2024-07-31 10:02:40,186 [WARN] IntegrityCheckThread:84 - waiting for thirdparty lock release [integrity check]
2024-07-31 10:02:40,186 [INFO] PluginManage:310 - Check plugin tools
2024-07-31 10:02:40,186 [INFO] IntegrityCheckThread:86 - entering critical section [integrity check]
2024-07-31 10:02:40,186 [INFO] ThirdPartyUpdaterWithRetryManager:70 - Updater plugin not ready yet. [1/15]
2024-07-31 10:02:40,212 [INFO] PluginManage:359 - Loaded plugin tools (category:base,tabindex:7)
2024-07-31 10:02:40,212 [INFO] PluginManage:310 - Check plugin tutovideos
2024-07-31 10:02:40,364 [INFO] PluginManage:359 - Loaded plugin tutovideos (category:base,tabindex:-1)
2024-07-31 10:02:40,364 [INFO] PluginManage:310 - Check plugin updater
2024-07-31 10:02:40,373 [INFO] PluginManage:359 - Loaded plugin updater (category:base,tabindex:12)
2024-07-31 10:02:40,373 [INFO] PluginManage:310 - Check plugin userauth
2024-07-31 10:02:40,378 [INFO] UserAuth:114 - Init User Auth plugin
2024-07-31 10:02:40,378 [INFO] PluginManage:359 - Loaded plugin userauth (category:base,tabindex:14)
2024-07-31 10:02:40,378 [INFO] PluginManage:283 - PluginManage : Loaded plugins [17]
2024-07-31 10:02:40,527 [INFO] PinOutPanel:1561 - setPackage(No Configuration,No Configuration)
2024-07-31 10:02:40,584 [INFO] CADModel:165 - CPN selected for project level
2024-07-31 10:02:40,585 [INFO] CADModel:114 - Register for checkConnection events
2024-07-31 10:02:40,608 [INFO] IPUIPlugin:80 - create IPUIPlugin
2024-07-31 10:02:40,609 [INFO] PluginManager:220 - loadIPPluginJar : add adc
2024-07-31 10:02:40,635 [INFO] IPUIPlugin:80 - create IPUIPlugin
2024-07-31 10:02:40,636 [INFO] PluginManager:220 - loadIPPluginJar : add aes
2024-07-31 10:02:40,669 [INFO] IPUIPlugin:80 - create IPUIPlugin
2024-07-31 10:02:40,669 [INFO] PluginManager:220 - loadIPPluginJar : add can
2024-07-31 10:02:40,687 [INFO] IPUIPlugin:80 - create IPUIPlugin
2024-07-31 10:02:40,688 [INFO] PluginManager:220 - loadIPPluginJar : add comp
2024-07-31 10:02:40,714 [INFO] IPUIPlugin:80 - create IPUIPlugin
2024-07-31 10:02:40,714 [INFO] PluginManager:220 - loadIPPluginJar : add cryp
2024-07-31 10:02:40,739 [INFO] IPUIPlugin:80 - create IPUIPlugin
2024-07-31 10:02:40,739 [INFO] PluginManager:220 - loadIPPluginJar : add dfsdm
2024-07-31 10:02:40,751 [INFO] IPUIPlugin:80 - create IPUIPlugin
2024-07-31 10:02:40,751 [INFO] PluginManager:220 - loadIPPluginJar : add dma
2024-07-31 10:02:40,784 [INFO] IPUIPlugin:80 - create IPUIPlugin
2024-07-31 10:02:40,784 [INFO] PluginManager:220 - loadIPPluginJar : add dma3
2024-07-31 10:02:40,814 [INFO] IPUIPlugin:80 - create IPUIPlugin
2024-07-31 10:02:40,814 [INFO] PluginManager:220 - loadIPPluginJar : add extmemmanager
2024-07-31 10:02:40,827 [INFO] IPUIPlugin:80 - create IPUIPlugin
2024-07-31 10:02:40,827 [INFO] PluginManager:220 - loadIPPluginJar : add fatfs
2024-07-31 10:02:40,859 [INFO] IPUIPlugin:80 - create IPUIPlugin
2024-07-31 10:02:40,859 [INFO] PluginManager:220 - loadIPPluginJar : add fmc
2024-07-31 10:02:40,871 [INFO] IPUIPlugin:80 - create IPUIPlugin
2024-07-31 10:02:40,871 [INFO] PluginManager:220 - loadIPPluginJar : add freertos
2024-07-31 10:02:40,887 [INFO] IPUIPlugin:80 - create IPUIPlugin
2024-07-31 10:02:40,887 [INFO] PluginManager:220 - loadIPPluginJar : add genericplugin
2024-07-31 10:02:40,953 [INFO] IPUIPlugin:80 - create IPUIPlugin
2024-07-31 10:02:40,953 [INFO] PluginManager:220 - loadIPPluginJar : add gfxmmu
2024-07-31 10:02:41,045 [INFO] IPUIPlugin:80 - create IPUIPlugin
2024-07-31 10:02:41,046 [INFO] PluginManager:220 - loadIPPluginJar : add gic
2024-07-31 10:02:41,055 [INFO] IPUIPlugin:80 - create IPUIPlugin
2024-07-31 10:02:41,055 [INFO] PluginManager:220 - loadIPPluginJar : add gpio
2024-07-31 10:02:41,121 [INFO] IPUIPlugin:80 - create IPUIPlugin
2024-07-31 10:02:41,121 [INFO] PluginManager:220 - loadIPPluginJar : add gtzc
2024-07-31 10:02:41,145 [INFO] IPUIPlugin:80 - create IPUIPlugin
2024-07-31 10:02:41,145 [INFO] PluginManager:220 - loadIPPluginJar : add hash
2024-07-31 10:02:41,181 [INFO] IPUIPlugin:80 - create IPUIPlugin
2024-07-31 10:02:41,181 [INFO] PluginManager:220 - loadIPPluginJar : add i2c
2024-07-31 10:02:41,208 [INFO] IPUIPlugin:80 - create IPUIPlugin
2024-07-31 10:02:41,208 [INFO] PluginManager:220 - loadIPPluginJar : add i2s
2024-07-31 10:02:41,235 [INFO] IPUIPlugin:80 - create IPUIPlugin
2024-07-31 10:02:41,235 [INFO] PluginManager:220 - loadIPPluginJar : add i3c
2024-07-31 10:02:41,307 [INFO] IPUIPlugin:80 - create IPUIPlugin
2024-07-31 10:02:41,307 [INFO] PluginManager:220 - loadIPPluginJar : add ipddr
2024-07-31 10:02:41,371 [INFO] IPUIPlugin:80 - create IPUIPlugin
2024-07-31 10:02:41,371 [INFO] PluginManager:220 - loadIPPluginJar : add linkedlist
2024-07-31 10:02:41,397 [INFO] IPUIPlugin:80 - create IPUIPlugin
2024-07-31 10:02:41,397 [INFO] PluginManager:220 - loadIPPluginJar : add lorawan
2024-07-31 10:02:41,426 [INFO] IPUIPlugin:80 - create IPUIPlugin
2024-07-31 10:02:41,426 [INFO] PluginManager:220 - loadIPPluginJar : add ltdc
2024-07-31 10:02:41,438 [INFO] IPUIPlugin:80 - create IPUIPlugin
2024-07-31 10:02:41,438 [INFO] PluginManager:220 - loadIPPluginJar : add mdma
2024-07-31 10:02:41,448 [INFO] IPUIPlugin:80 - create IPUIPlugin
2024-07-31 10:02:41,448 [INFO] PluginManager:220 - loadIPPluginJar : add nvic
2024-07-31 10:02:41,473 [INFO] IPUIPlugin:80 - create IPUIPlugin
2024-07-31 10:02:41,474 [INFO] PluginManager:220 - loadIPPluginJar : add opamp
2024-07-31 10:02:41,515 [INFO] IPUIPlugin:80 - create IPUIPlugin
2024-07-31 10:02:41,515 [INFO] PluginManager:220 - loadIPPluginJar : add openamp
2024-07-31 10:02:41,544 [INFO] IPUIPlugin:80 - create IPUIPlugin
2024-07-31 10:02:41,544 [INFO] PluginManager:220 - loadIPPluginJar : add pdm2pcm
2024-07-31 10:02:41,555 [INFO] IPUIPlugin:80 - create IPUIPlugin
2024-07-31 10:02:41,557 [INFO] PluginManager:220 - loadIPPluginJar : add plateformsettings
2024-07-31 10:02:41,571 [INFO] IPUIPlugin:80 - create IPUIPlugin
2024-07-31 10:02:41,571 [INFO] PluginManager:220 - loadIPPluginJar : add quadspi
2024-07-31 10:02:41,580 [INFO] IPUIPlugin:80 - create IPUIPlugin
2024-07-31 10:02:41,580 [INFO] PluginManager:220 - loadIPPluginJar : add resmgrutility
2024-07-31 10:02:41,612 [INFO] IPUIPlugin:80 - create IPUIPlugin
2024-07-31 10:02:41,612 [INFO] PluginManager:220 - loadIPPluginJar : add sai
2024-07-31 10:02:41,639 [INFO] IPUIPlugin:80 - create IPUIPlugin
2024-07-31 10:02:41,639 [INFO] PluginManager:220 - loadIPPluginJar : add spi
2024-07-31 10:02:41,685 [INFO] IPUIPlugin:80 - create IPUIPlugin
2024-07-31 10:02:41,685 [INFO] PluginManager:220 - loadIPPluginJar : add stm32_wpan
2024-07-31 10:02:41,701 [INFO] IPUIPlugin:80 - create IPUIPlugin
2024-07-31 10:02:41,701 [INFO] PluginManager:220 - loadIPPluginJar : add tim
2024-07-31 10:02:41,741 [INFO] IPUIPlugin:80 - create IPUIPlugin
2024-07-31 10:02:41,741 [INFO] PluginManager:220 - loadIPPluginJar : add touchsensing
2024-07-31 10:02:41,756 [INFO] IPUIPlugin:80 - create IPUIPlugin
2024-07-31 10:02:41,756 [INFO] PluginManager:220 - loadIPPluginJar : add tracer_emb
2024-07-31 10:02:41,771 [INFO] IPUIPlugin:80 - create IPUIPlugin
2024-07-31 10:02:41,772 [INFO] PluginManager:220 - loadIPPluginJar : add ts
2024-07-31 10:02:41,787 [INFO] IPUIPlugin:80 - create IPUIPlugin
2024-07-31 10:02:41,787 [INFO] PluginManager:220 - loadIPPluginJar : add tsc
2024-07-31 10:02:41,802 [INFO] IPUIPlugin:80 - create IPUIPlugin
2024-07-31 10:02:41,803 [INFO] PluginManager:220 - loadIPPluginJar : add ucpd
2024-07-31 10:02:41,833 [INFO] IPUIPlugin:80 - create IPUIPlugin
2024-07-31 10:02:41,833 [INFO] PluginManager:220 - loadIPPluginJar : add usart
2024-07-31 10:02:41,862 [INFO] IPUIPlugin:80 - create IPUIPlugin
2024-07-31 10:02:41,862 [INFO] PluginManager:220 - loadIPPluginJar : add usbx
2024-07-31 10:02:41,980 [INFO] CADModel:165 - CPN selected for project level
2024-07-31 10:02:41,980 [INFO] CADModel:114 - Register for checkConnection events
2024-07-31 10:02:41,981 [FATAL] Updater:308 - Updater called before beeing initialized
2024-07-31 10:02:41,981 [ERROR] CADModel:125 - Updater not yet initialized, retry later 
2024-07-31 10:02:42,072 [INFO] CADModel:165 - CPN selected for project level
2024-07-31 10:02:42,072 [INFO] CADModel:114 - Register for checkConnection events
2024-07-31 10:02:42,072 [FATAL] Updater:308 - Updater called before beeing initialized
2024-07-31 10:02:42,072 [ERROR] CADModel:125 - Updater not yet initialized, retry later 
2024-07-31 10:02:42,074 [FATAL] Updater:308 - Updater called before beeing initialized
2024-07-31 10:02:42,134 [FATAL] Updater:308 - Updater called before beeing initialized
2024-07-31 10:02:42,142 [INFO] DbMcusAds:53 - JSON generation date=Thu May 16 11:22:00 CEST 2024 (1715851320667)
2024-07-31 10:02:42,142 [FATAL] Updater:308 - Updater called before beeing initialized
2024-07-31 10:02:42,199 [WARN] DetailPanel:346 - Failed to get advertising image, set to default
2024-07-31 10:02:42,254 [FATAL] Updater:308 - Updater called before beeing initialized
2024-07-31 10:02:42,256 [FATAL] Updater:308 - Updater called before beeing initialized
2024-07-31 10:02:42,256 [FATAL] Updater:308 - Updater called before beeing initialized
2024-07-31 10:02:42,256 [WARN] DetailPanel:346 - Failed to get advertising image, set to default
2024-07-31 10:02:42,257 [FATAL] Updater:308 - Updater called before beeing initialized
2024-07-31 10:02:42,291 [ERROR] Updater:1120 - MainUpdater not yet initialized. External WinMGr cannot be set.
2024-07-31 10:02:42,298 [INFO] Updater:1056 - Updater Version found : 6.11.1
2024-07-31 10:02:42,314 [INFO] ApplicationProperties:184 - Using Application install path: D:\Programs\STM32CubeIDE_1.15.1\STM32CubeIDE\plugins\com.st.stm32cube.common.mx_6.11.1.202404110753
2024-07-31 10:02:43,187 [INFO] ThirdPartyUpdaterWithRetryManager:70 - Updater plugin not ready yet. [2/15]
2024-07-31 10:02:43,884 [ERROR] LogOutputStream:75 - [STDERR_REDIRECT] Jul 31, 2024 10:02:43 AM java.util.prefs.WindowsPreferences <init>
2024-07-31 10:02:43,885 [ERROR] LogOutputStream:75 - [STDERR_REDIRECT] WARNING: Could not open/create prefs root node Software\JavaSoft\Prefs at root 0xffffffff80000002. Windows RegCreateKeyEx(...) returned error code 5.
2024-07-31 10:02:43,885 [ERROR] LogOutputStream:75 - [STDERR_REDIRECT] 
2024-07-31 10:02:44,115 [INFO] MainUpdater:2873 - connection check result : 10
2024-07-31 10:02:44,116 [INFO] MainUpdater:290 - Updater Check For Update Now.
2024-07-31 10:02:44,116 [INFO] MicroXplorer:498 - Change Database Version : DB.6.0.111
2024-07-31 10:02:44,127 [INFO] McuFinderGlobals:63 - Set McuFinder mode to 2 (CubeIDE integrated)
2024-07-31 10:02:44,137 [INFO] UserAuth:415 - Internet connection configuration mode: 1
2024-07-31 10:02:44,156 [INFO] JxBrowserEngine:152 - Initiate JxBrowser Engine with user profile folder
2024-07-31 10:02:44,282 [INFO] CheckServerUpdateThread:120 - End of CheckServer Thread
2024-07-31 10:02:46,318 [WARN] PackLoader:240 - Cannot read IP mode file for STMicroelectronics.FP-SNS-MOTENVWB1.1.4.0
2024-07-31 10:02:46,331 [WARN] PackLoader:240 - Cannot read IP mode file for STMicroelectronics.X-CUBE-SMBUS.2.1.0
2024-07-31 10:02:46,340 [WARN] PackLoader:240 - Cannot read IP mode file for STMicroelectronics.X-CUBE-TOUCHGFX.4.23.2
2024-07-31 10:02:46,367 [WARN] PackLoader:240 - Cannot read IP mode file for STMicroelectronics.X-CUBE-AZRTOS-F7.1.1.0
2024-07-31 10:02:46,380 [WARN] PackLoader:240 - Cannot read IP mode file for STMicroelectronics.FP-SNS-FLIGHT1.5.0.2
2024-07-31 10:02:46,393 [WARN] PackLoader:240 - Cannot read IP mode file for STMicroelectronics.X-CUBE-DISPLAY.3.0.0
2024-07-31 10:02:46,406 [WARN] PackLoader:240 - Cannot read IP mode file for STMicroelectronics.X-CUBE-BLE1.7.0.0
2024-07-31 10:02:46,416 [WARN] PackLoader:240 - Cannot read IP mode file for emotas.I-CUBE-CANOPEN.1.3.0
2024-07-31 10:02:46,429 [WARN] PackLoader:240 - Cannot read IP mode file for STMicroelectronics.X-CUBE-BLEMGR.3.1.0
2024-07-31 10:02:46,440 [WARN] PackLoader:240 - Cannot read IP mode file for STMicroelectronics.FP-SNS-SMARTAG2.1.2.0
2024-07-31 10:02:46,455 [INFO] LogOutputStream:77 - [STDOUT_REDIRECT] 1 : Invalid condition id : UX_CORESTACK_Condition cause : null
2024-07-31 10:02:46,455 [INFO] LogOutputStream:77 - [STDOUT_REDIRECT] 1 : Invalid condition id : UX_CORESTACK_Condition cause : null
2024-07-31 10:02:46,456 [INFO] LogOutputStream:77 - [STDOUT_REDIRECT] 1 : Invalid condition id : UX_CORESTACK_Condition cause : null
2024-07-31 10:02:46,456 [INFO] LogOutputStream:77 - [STDOUT_REDIRECT] 1 : Invalid condition id : UX_CORESTACK_Condition cause : null
2024-07-31 10:02:46,457 [INFO] LogOutputStream:77 - [STDOUT_REDIRECT] 1 : Invalid condition id : UX_CORESTACK_Condition cause : null
2024-07-31 10:02:46,458 [WARN] PackLoader:240 - Cannot read IP mode file for STMicroelectronics.X-CUBE-AZRTOS-WL.2.0.0
2024-07-31 10:02:46,468 [WARN] PackLoader:240 - Cannot read IP mode file for STMicroelectronics.FP-SNS-MOTENV1.5.0.0
2024-07-31 10:02:46,477 [WARN] PackLoader:240 - Cannot read IP mode file for wolfSSL.I-CUBE-wolfMQTT.1.19.0
2024-07-31 10:02:46,486 [WARN] PackLoader:240 - Cannot read IP mode file for WES.I-CUBE-Cesium.1.3.0
2024-07-31 10:02:46,494 [WARN] PackLoader:240 - Cannot read IP mode file for STMicroelectronics.X-CUBE-BLE2.3.3.0
2024-07-31 10:02:46,503 [WARN] PackLoader:240 - Cannot read IP mode file for STMicroelectronics.X-CUBE-TCPP.4.1.0
2024-07-31 10:02:46,526 [WARN] PackLoader:240 - Cannot read IP mode file for STMicroelectronics.X-CUBE-AZRTOS-G0.1.1.0
2024-07-31 10:02:46,538 [WARN] PackLoader:240 - Cannot read IP mode file for STMicroelectronics.X-CUBE-SAFEA1.1.2.2
2024-07-31 10:02:46,548 [WARN] PackLoader:240 - Cannot read IP mode file for STMicroelectronics.X-CUBE-NFC4.3.0.0
2024-07-31 10:02:46,561 [WARN] PackLoader:240 - Cannot read IP mode file for EmbeddedOffice.I-CUBE-FS-RTOS.1.0.1
2024-07-31 10:02:46,562 [ERROR] ConditionMgr:805 - Attr not supported : Dmpu
2024-07-31 10:02:46,562 [ERROR] ConditionMgr:805 - Attr not supported : Dmpu
2024-07-31 10:02:46,562 [ERROR] ConditionMgr:805 - Attr not supported : Dmpu
2024-07-31 10:02:46,562 [ERROR] ConditionMgr:805 - Attr not supported : Dmpu
2024-07-31 10:02:46,562 [ERROR] ConditionMgr:805 - Attr not supported : Dmpu
2024-07-31 10:02:46,562 [ERROR] ConditionMgr:805 - Attr not supported : Dmpu
2024-07-31 10:02:46,562 [ERROR] ConditionMgr:805 - Attr not supported : Dmpu
2024-07-31 10:02:46,562 [ERROR] ConditionMgr:805 - Attr not supported : Dmpu
2024-07-31 10:02:46,562 [ERROR] ConditionMgr:805 - Attr not supported : Dmpu
2024-07-31 10:02:46,562 [ERROR] ConditionMgr:805 - Attr not supported : Dmpu
2024-07-31 10:02:46,562 [ERROR] ConditionMgr:805 - Attr not supported : Dmpu
2024-07-31 10:02:46,562 [ERROR] ConditionMgr:805 - Attr not supported : Dmpu
2024-07-31 10:02:46,562 [ERROR] ConditionMgr:805 - Attr not supported : Dmpu
2024-07-31 10:02:46,562 [ERROR] ConditionMgr:805 - Attr not supported : Dmpu
2024-07-31 10:02:46,562 [ERROR] ConditionMgr:805 - Attr not supported : Dmpu
2024-07-31 10:02:46,562 [ERROR] ConditionMgr:805 - Attr not supported : Dmpu
2024-07-31 10:02:46,562 [ERROR] ConditionMgr:805 - Attr not supported : Dmpu
2024-07-31 10:02:46,562 [ERROR] ConditionMgr:805 - Attr not supported : Dmpu
2024-07-31 10:02:46,562 [ERROR] ConditionMgr:805 - Attr not supported : Dmpu
2024-07-31 10:02:46,562 [ERROR] ConditionMgr:805 - Attr not supported : Dmpu
2024-07-31 10:02:46,562 [ERROR] ConditionMgr:805 - Attr not supported : Dmpu
2024-07-31 10:02:46,562 [ERROR] ConditionMgr:805 - Attr not supported : Dmpu
2024-07-31 10:02:46,562 [ERROR] ConditionMgr:805 - Attr not supported : Dmpu
2024-07-31 10:02:46,562 [ERROR] ConditionMgr:805 - Attr not supported : Dmpu
2024-07-31 10:02:46,562 [ERROR] ConditionMgr:805 - Attr not supported : Dmpu
2024-07-31 10:02:46,562 [ERROR] ConditionMgr:805 - Attr not supported : Dmpu
2024-07-31 10:02:46,563 [ERROR] ConditionMgr:805 - Attr not supported : Dmpu
2024-07-31 10:02:46,563 [ERROR] ConditionMgr:805 - Attr not supported : Dmpu
2024-07-31 10:02:46,563 [ERROR] ConditionMgr:805 - Attr not supported : Dmpu
2024-07-31 10:02:46,563 [ERROR] ConditionMgr:805 - Attr not supported : Dmpu
2024-07-31 10:02:46,563 [ERROR] ConditionMgr:805 - Attr not supported : Dmpu
2024-07-31 10:02:46,563 [ERROR] ConditionMgr:805 - Attr not supported : Dmpu
2024-07-31 10:02:46,563 [ERROR] ConditionMgr:805 - Attr not supported : Dmpu
2024-07-31 10:02:46,563 [ERROR] ConditionMgr:805 - Attr not supported : Dmpu
2024-07-31 10:02:46,563 [ERROR] ConditionMgr:805 - Attr not supported : Dmpu
2024-07-31 10:02:46,563 [ERROR] ConditionMgr:805 - Attr not supported : Dmpu
2024-07-31 10:02:46,563 [ERROR] ConditionMgr:805 - Attr not supported : Dmpu
2024-07-31 10:02:46,563 [ERROR] ConditionMgr:805 - Attr not supported : Dmpu
2024-07-31 10:02:46,563 [ERROR] ConditionMgr:805 - Attr not supported : Dmpu
2024-07-31 10:02:46,563 [ERROR] ConditionMgr:805 - Attr not supported : Dmpu
2024-07-31 10:02:46,563 [ERROR] ConditionMgr:805 - Attr not supported : Dmpu
2024-07-31 10:02:46,563 [ERROR] ConditionMgr:805 - Attr not supported : Dmpu
2024-07-31 10:02:46,563 [ERROR] ConditionMgr:805 - Attr not supported : Dmpu
2024-07-31 10:02:46,563 [ERROR] ConditionMgr:805 - Attr not supported : Dmpu
2024-07-31 10:02:46,563 [ERROR] ConditionMgr:805 - Attr not supported : Dmpu
2024-07-31 10:02:46,563 [ERROR] ConditionMgr:805 - Attr not supported : Dmpu
2024-07-31 10:02:46,563 [ERROR] ConditionMgr:805 - Attr not supported : Dmpu
2024-07-31 10:02:46,563 [ERROR] ConditionMgr:805 - Attr not supported : Dmpu
2024-07-31 10:02:46,563 [ERROR] ConditionMgr:805 - Attr not supported : Dmpu
2024-07-31 10:02:46,563 [ERROR] ConditionMgr:805 - Attr not supported : Dmpu
2024-07-31 10:02:46,563 [ERROR] ConditionMgr:805 - Attr not supported : Dmpu
2024-07-31 10:02:46,564 [ERROR] ConditionMgr:805 - Attr not supported : Dmpu
2024-07-31 10:02:46,564 [ERROR] ConditionMgr:805 - Attr not supported : Dmpu
2024-07-31 10:02:46,564 [ERROR] ConditionMgr:805 - Attr not supported : Dmpu
2024-07-31 10:02:46,564 [ERROR] ConditionMgr:805 - Attr not supported : Dmpu
2024-07-31 10:02:46,564 [ERROR] ConditionMgr:805 - Attr not supported : Dmpu
2024-07-31 10:02:46,564 [ERROR] ConditionMgr:805 - Attr not supported : Dmpu
2024-07-31 10:02:46,564 [ERROR] ConditionMgr:805 - Attr not supported : Dmpu
2024-07-31 10:02:46,564 [ERROR] ConditionMgr:805 - Attr not supported : Dmpu
2024-07-31 10:02:46,564 [ERROR] ConditionMgr:805 - Attr not supported : Dmpu
2024-07-31 10:02:46,564 [ERROR] ConditionMgr:805 - Attr not supported : Dmpu
2024-07-31 10:02:46,564 [ERROR] ConditionMgr:805 - Attr not supported : Dmpu
2024-07-31 10:02:46,564 [ERROR] ConditionMgr:805 - Attr not supported : Dmpu
2024-07-31 10:02:46,564 [ERROR] ConditionMgr:805 - Attr not supported : Dmpu
2024-07-31 10:02:46,574 [WARN] PackLoader:240 - Cannot read IP mode file for RealThread.X-CUBE-RT-Thread_Nano.4.1.1
2024-07-31 10:02:46,583 [WARN] PackLoader:240 - Cannot read IP mode file for wolfSSL.I-CUBE-wolfSSL.5.7.0
2024-07-31 10:02:46,591 [WARN] PackLoader:240 - Cannot read IP mode file for STMicroelectronics.FP-ATR-SIGFOX1.3.2.0
2024-07-31 10:02:46,601 [WARN] PackLoader:240 - Cannot read IP mode file for STMicroelectronics.X-CUBE-EEPRMA1.5.1.0
2024-07-31 10:02:46,612 [WARN] PackLoader:240 - Cannot read IP mode file for ITTIA_DB.I-CUBE-ITTIADB.8.9.0
2024-07-31 10:02:46,635 [WARN] PackLoader:240 - Cannot read IP mode file for SEGGER.I-CUBE-embOS.1.3.1
2024-07-31 10:02:46,667 [WARN] PackLoader:240 - Cannot read IP mode file for STMicroelectronics.X-CUBE-ALGOBUILD.1.4.0
2024-07-31 10:02:46,677 [WARN] PackLoader:240 - Cannot read IP mode file for STMicroelectronics.X-CUBE-GNSS1.6.0.0
2024-07-31 10:02:46,696 [WARN] PackLoader:240 - Cannot read IP mode file for STMicroelectronics.X-CUBE-AZRTOS-F4.1.1.0
2024-07-31 10:02:46,706 [WARN] PackLoader:240 - Cannot read IP mode file for STMicroelectronics.X-CUBE-FREERTOS.1.2.0
2024-07-31 10:02:46,725 [WARN] PackLoader:240 - Cannot read IP mode file for STMicroelectronics.X-CUBE-AZRTOS-L5.2.0.0
2024-07-31 10:02:46,737 [WARN] PackLoader:240 - Cannot read IP mode file for STMicroelectronics.X-CUBE-NFC6.3.1.0
2024-07-31 10:02:46,748 [WARN] PackLoader:240 - Cannot read IP mode file for STMicroelectronics.X-CUBE-DPower.1.2.0
2024-07-31 10:02:46,757 [WARN] PackLoader:240 - Cannot read IP mode file for STMicroelectronics.X-CUBE-AI.9.0.0
2024-07-31 10:02:46,768 [WARN] PackLoader:240 - Cannot read IP mode file for STMicroelectronics.X-CUBE-NFC7.1.0.1
2024-07-31 10:02:46,777 [WARN] PackLoader:240 - Cannot read IP mode file for wolfSSL.I-CUBE-wolfTPM.3.2.0
2024-07-31 10:02:46,800 [WARN] ConditionMgr:438 - getConditionDescription Invalid condition id : LAN8742 Phy interface Condition cause : null
2024-07-31 10:02:46,801 [WARN] PackLoader:240 - Cannot read IP mode file for STMicroelectronics.X-CUBE-AZRTOS-L4.2.0.0
2024-07-31 10:02:46,801 [WARN] ConditionMgr:1039 - genDependencies : Invalid condition id : LAN8742 Phy interface Condition cause : null
2024-07-31 10:02:46,801 [WARN] ConditionMgr:1039 - genDependencies : Invalid condition id : LAN8742 Phy interface Condition cause : null
2024-07-31 10:02:46,802 [WARN] ConditionMgr:1039 - genDependencies : Invalid condition id : LAN8742 Phy interface Condition cause : null
2024-07-31 10:02:46,813 [WARN] PackLoader:240 - Cannot read IP mode file for STMicroelectronics.X-CUBE-SFXS2LP1.4.0.0
2024-07-31 10:02:46,832 [WARN] ConditionMgr:438 - getConditionDescription Invalid condition id : UX DEVICE CLASS RTOS Condition cause : null
2024-07-31 10:02:46,832 [WARN] ConditionMgr:438 - getConditionDescription Invalid condition id : UX DEVICE CLASS RTOS Condition cause : null
2024-07-31 10:02:46,833 [WARN] PackLoader:240 - Cannot read IP mode file for STMicroelectronics.X-CUBE-AZRTOS-WB.2.0.0
2024-07-31 10:02:46,833 [WARN] ConditionMgr:1039 - genDependencies : Invalid condition id : UX DEVICE CLASS RTOS Condition cause : null
2024-07-31 10:02:46,833 [WARN] ConditionMgr:1039 - genDependencies : Invalid condition id : UX DEVICE CLASS RTOS Condition cause : null
2024-07-31 10:02:46,834 [WARN] ConditionMgr:1039 - genDependencies : Invalid condition id : UX DEVICE CLASS RTOS Condition cause : null
2024-07-31 10:02:46,834 [WARN] ConditionMgr:1039 - genDependencies : Invalid condition id : UX DEVICE CLASS RTOS Condition cause : null
2024-07-31 10:02:46,834 [WARN] ConditionMgr:1039 - genDependencies : Invalid condition id : UX DEVICE CLASS RTOS Condition cause : null
2024-07-31 10:02:46,845 [WARN] PackLoader:240 - Cannot read IP mode file for STMicroelectronics.FP-SNS-STBOX1.2.0.0
2024-07-31 10:02:46,858 [WARN] PackLoader:240 - Cannot read IP mode file for STMicroelectronics.X-CUBE-SUBG2.5.0.0
2024-07-31 10:02:46,869 [WARN] PackLoader:240 - Cannot read IP mode file for Cesanta.I-CUBE-Mongoose.7.13.0
2024-07-31 10:02:46,886 [WARN] PackLoader:240 - Cannot read IP mode file for STMicroelectronics.X-CUBE-AZRTOS-G4.2.0.0
2024-07-31 10:02:46,895 [WARN] PackLoader:240 - Cannot read IP mode file for STMicroelectronics.X-CUBE-ISPU.2.0.0
2024-07-31 10:02:46,904 [WARN] PackLoader:240 - Cannot read IP mode file for STMicroelectronics.X-CUBE-ALS.1.0.2
2024-07-31 10:02:46,934 [WARN] PackLoader:240 - Cannot read IP mode file for STMicroelectronics.X-CUBE-MEMS1.10.0.0
2024-07-31 10:02:46,994 [WARN] PackLoader:240 - Cannot read IP mode file for STMicroelectronics.X-CUBE-TOUCHGFX.4.24.0
2024-07-31 10:02:47,007 [WARN] PackLoader:240 - Cannot read IP mode file for portGmbH.I-Cube-SoM-uGOAL.1.1.0
2024-07-31 10:02:47,035 [WARN] PackLoader:240 - Cannot read IP mode file for STMicroelectronics.X-CUBE-AZRTOS-H7RS.1.0.0
2024-07-31 10:02:47,054 [WARN] PackLoader:240 - Cannot read IP mode file for STMicroelectronics.FP-ATR-ASTRA1.2.0.0
2024-07-31 10:02:47,067 [WARN] PackLoader:240 - Cannot read IP mode file for STMicroelectronics.X-CUBE-TOF1.3.4.2
2024-07-31 10:02:47,084 [WARN] PackLoader:240 - Cannot read IP mode file for STMicroelectronics.X-CUBE-TOF1.3.4.1
2024-07-31 10:02:47,109 [WARN] PackLoader:240 - Cannot read IP mode file for STMicroelectronics.X-CUBE-AZRTOS-H7.3.2.0
2024-07-31 10:02:47,126 [WARN] PackLoader:240 - Cannot read IP mode file for Infineon.AIROC-Wi-Fi-Bluetooth-STM32.1.6.0
2024-07-31 10:02:47,145 [WARN] PackLoader:240 - Cannot read IP mode file for wolfSSL.I-CUBE-wolfSSH.1.4.17
2024-07-31 10:02:47,145 [INFO] ThirdParty:978 - Integrity check success = true
2024-07-31 10:02:47,145 [INFO] IntegrityCheckThread:100 - exiting critical section [integrity check]
2024-07-31 10:02:47,145 [INFO] IntegrityCheckThread:103 - End integrity checks thread
2024-07-31 10:02:48,105 [INFO] WebApp:161 - Instantiating new browser for Auth
2024-07-31 10:02:48,930 [INFO] WebApp:779 - Register for checkConnection events
2024-07-31 10:02:48,930 [INFO] WebApp:414 - Apply proxy settings
2024-07-31 10:02:48,931 [INFO] WebApp:499 - Chromium requires no authentication
2024-07-31 10:02:48,939 [INFO] WebApp:442 - Direct internet connection detected
2024-07-31 10:02:49,098 [INFO] WebApp:192 - Starting web application
2024-07-31 10:02:49,098 [INFO] WebApp:544 - Web application path used D:\Programs\STM32CubeIDE_1.15.1\STM32CubeIDE\plugins\com.st.stm32cube.common.mx_6.11.1.202404110753\db\plugins\mcufinder\reactClient1\index.html
